<?xml version="1.0" encoding="UTF-8"?>
<!-- Generated by org.testng.reporters.JUnitReportReporter -->
<testsuite hostname="serahate-4S6RKN3" failures="0" tests="5" name="com.SauceDemo.Practice.Practice3" time="0.012" errors="0" timestamp="2023-11-30T11:59:23 IST" skipped="0">
  <testcase classname="com.SauceDemo.Practice.Practice3" name="testE" time="0.001"/>
  <testcase classname="com.SauceDemo.Practice.Practice3" name="testA" time="0.008"/>
  <testcase classname="com.SauceDemo.Practice.Practice3" name="testB" time="0.001"/>
  <testcase classname="com.SauceDemo.Practice.Practice3" name="testD" time="0.001"/>
  <testcase classname="com.SauceDemo.Practice.Practice3" name="testC" time="0.001"/>
</testsuite> <!-- com.SauceDemo.Practice.Practice3 -->
