<?xml version="1.0" encoding="UTF-8"?>
<!-- Generated by org.testng.reporters.JUnitReportReporter -->
<testsuite hostname="serahate-4S6RKN3" failures="0" tests="1" name="com.SauceDemo.Practice.Practice9Assertions" time="0.007" errors="0" timestamp="2023-12-04T12:03:47 IST" skipped="0">
  <testcase classname="com.SauceDemo.Practice.Practice9Assertions" name="loginTest" time="0.007"/>
</testsuite> <!-- com.SauceDemo.Practice.Practice9Assertions -->
