<?xml version="1.0" encoding="UTF-8"?>
<!-- Generated by org.testng.reporters.JUnitReportReporter -->
<testsuite hostname="serahate-4S6RKN3" failures="0" tests="2" name="com.SauceDemo.Practice.Practic8dependsKaywordInTestNG" time="0.009" errors="0" timestamp="2023-11-30T16:07:46 IST" skipped="0">
  <testcase classname="com.SauceDemo.Practice.Practic8dependsKaywordInTestNG" name="loginTest" time="0.007"/>
  <testcase classname="com.SauceDemo.Practice.Practic8dependsKaywordInTestNG" name="singleProductTest" time="0.002"/>
</testsuite> <!-- com.SauceDemo.Practice.Practic8dependsKaywordInTestNG -->
