<?xml version="1.0" encoding="UTF-8"?>
<!-- Generated by org.testng.reporters.JUnitReportReporter -->
<testsuite hostname="serahate-4S6RKN3" failures="0" tests="5" name="com.SauceDemo.Practice.Practice3TestNgKeywords" time="0.007" errors="0" timestamp="2023-11-30T12:24:52 IST" skipped="0">
  <testcase classname="com.SauceDemo.Practice.Practice3TestNgKeywords" name="testB" time="0.005"/>
  <testcase classname="com.SauceDemo.Practice.Practice3TestNgKeywords" name="testE" time="0.001"/>
  <testcase classname="com.SauceDemo.Practice.Practice3TestNgKeywords" name="testA" time="0.001"/>
  <testcase classname="com.SauceDemo.Practice.Practice3TestNgKeywords" name="testD" time="0.000"/>
  <testcase classname="com.SauceDemo.Practice.Practice3TestNgKeywords" name="testC" time="0.000"/>
</testsuite> <!-- com.SauceDemo.Practice.Practice3TestNgKeywords -->
