<?xml version="1.0" encoding="UTF-8"?>
<!-- Generated by org.testng.reporters.JUnitReportReporter -->
<testsuite hostname="serahate-4S6RKN3" failures="0" tests="2" name="com.SauceDemo.Practice.Practice2TestNGAnnotaions" time="0.004" errors="0" timestamp="2023-11-30T10:37:15 IST" skipped="0">
  <testcase classname="com.SauceDemo.Practice.Practice2TestNGAnnotaions" name="singleProductaddToCart" time="0.002"/>
  <testcase classname="com.SauceDemo.Practice.Practice2TestNGAnnotaions" name="verifyLoginFunctionality" time="0.002"/>
</testsuite> <!-- com.SauceDemo.Practice.Practice2TestNGAnnotaions -->
