<?xml version="1.0" encoding="UTF-8"?>
<!-- Generated by org.testng.reporters.JUnitReportReporter -->
<testsuite hostname="serahate-4S6RKN3" failures="0" tests="1" name="com.SauceDemo.TestClasses.TC01LoginFunctionality" time="7.502" errors="0" timestamp="2023-12-07T11:43:30 IST" skipped="0">
  <testcase classname="com.SauceDemo.TestClasses.TC01LoginFunctionality" name="loginFunctionalityTest" time="7.502"/>
</testsuite> <!-- com.SauceDemo.TestClasses.TC01LoginFunctionality -->
